[2022-09-07 13:02:57] local.ERROR: syntax error, unexpected identifier "e" {"exception":"[object] (ParseError(code: 0): syntax error, unexpected identifier \"e\" at C:\\xampp\\htdocs\\logiexx\\src\\Modules\\Site\\Enrollment\\Controllers\\CourseClassEnrollmentStoreController.php:21)
[stacktrace]
#0 C:\\xampp\\htdocs\\logiexx\\vendor\\composer\\ClassLoader.php(322): Composer\\Autoload\\includeFile('C:\\\\xampp\\\\htdocs...')
#1 [internal function]: Composer\\Autoload\\ClassLoader->loadClass('Logixs\\\\Modules\\\\...')
#2 C:\\xampp\\htdocs\\logiexx\\vendor\\laravel\\framework\\src\\Illuminate\\Routing\\RouteAction.php(91): method_exists('Logixs\\\\Modules\\\\...', '__invoke')
#3 C:\\xampp\\htdocs\\logiexx\\vendor\\laravel\\framework\\src\\Illuminate\\Routing\\RouteAction.php(47): Illuminate\\Routing\\RouteAction::makeInvokable('Logixs\\\\Modules\\\\...')
#4 C:\\xampp\\htdocs\\logiexx\\vendor\\laravel\\framework\\src\\Illuminate\\Routing\\Route.php(190): Illuminate\\Routing\\RouteAction::parse('site/store-clas...', Array)
#5 C:\\xampp\\htdocs\\logiexx\\vendor\\laravel\\framework\\src\\Illuminate\\Routing\\Route.php(171): Illuminate\\Routing\\Route->parseAction(Array)
#6 C:\\xampp\\htdocs\\logiexx\\vendor\\laravel\\framework\\src\\Illuminate\\Routing\\Router.php(587): Illuminate\\Routing\\Route->__construct('POST', 'site/store-clas...', Array)
#7 C:\\xampp\\htdocs\\logiexx\\vendor\\laravel\\framework\\src\\Illuminate\\Routing\\Router.php(480): Illuminate\\Routing\\Router->newRoute('POST', 'site/store-clas...', Array)
#8 C:\\xampp\\htdocs\\logiexx\\vendor\\laravel\\framework\\src\\Illuminate\\Routing\\Router.php(459): Illuminate\\Routing\\Router->createRoute('POST', 'site/store-clas...', Array)
#9 C:\\xampp\\htdocs\\logiexx\\vendor\\laravel\\framework\\src\\Illuminate\\Routing\\Router.php(161): Illuminate\\Routing\\Router->addRoute('POST', 'site/store-clas...', 'Logixs\\\\Modules\\\\...')
#10 C:\\xampp\\htdocs\\logiexx\\vendor\\laravel\\framework\\src\\Illuminate\\Support\\Facades\\Facade.php(337): Illuminate\\Routing\\Router->post('site/store-clas...', 'Logixs\\\\Modules\\\\...')
#11 C:\\xampp\\htdocs\\logiexx\outes\\web.php(49): Illuminate\\Support\\Facades\\Facade::__callStatic('post', Array)
#12 C:\\xampp\\htdocs\\logiexx\\vendor\\laravel\\framework\\src\\Illuminate\\Routing\\RouteFileRegistrar.php(35): require('C:\\\\xampp\\\\htdocs...')
#13 C:\\xampp\\htdocs\\logiexx\\vendor\\laravel\\framework\\src\\Illuminate\\Routing\\Router.php(429): Illuminate\\Routing\\RouteFileRegistrar->register('C:\\\\xampp\\\\htdocs...')
#14 C:\\xampp\\htdocs\\logiexx\\vendor\\laravel\\framework\\src\\Illuminate\\Routing\\Router.php(385): Illuminate\\Routing\\Router->loadRoutes('C:\\\\xampp\\\\htdocs...')
#15 C:\\xampp\\htdocs\\logiexx\\vendor\\laravel\\framework\\src\\Illuminate\\Routing\\RouteRegistrar.php(163): Illuminate\\Routing\\Router->group(Array, 'C:\\\\xampp\\\\htdocs...')
#16 C:\\xampp\\htdocs\\logiexx\\app\\Providers\\RouteServiceProvider.php(37): Illuminate\\Routing\\RouteRegistrar->group('C:\\\\xampp\\\\htdocs...')
#17 C:\\xampp\\htdocs\\logiexx\\vendor\\laravel\\framework\\src\\Illuminate\\Container\\BoundMethod.php(36): App\\Providers\\RouteServiceProvider->App\\Providers\\{closure}()
#18 C:\\xampp\\htdocs\\logiexx\\vendor\\laravel\\framework\\src\\Illuminate\\Container\\Util.php(41): Illuminate\\Container\\BoundMethod::Illuminate\\Container\\{closure}()
#19 C:\\xampp\\htdocs\\logiexx\\vendor\\laravel\\framework\\src\\Illuminate\\Container\\BoundMethod.php(81): Illuminate\\Container\\Util::unwrapIfClosure(Object(Closure))
#20 C:\\xampp\\htdocs\\logiexx\\vendor\\laravel\\framework\\src\\Illuminate\\Container\\BoundMethod.php(37): Illuminate\\Container\\BoundMethod::callBoundMethod(Object(Illuminate\\Foundation\\Application), Object(Closure), Object(Closure))
#21 C:\\xampp\\htdocs\\logiexx\\vendor\\laravel\\framework\\src\\Illuminate\\Container\\Container.php(653): Illuminate\\Container\\BoundMethod::call(Object(Illuminate\\Foundation\\Application), Object(Closure), Array, NULL)
#22 C:\\xampp\\htdocs\\logiexx\\vendor\\laravel\\framework\\src\\Illuminate\\Foundation\\Support\\Providers\\RouteServiceProvider.php(120): Illuminate\\Container\\Container->call(Object(Closure))
#23 C:\\xampp\\htdocs\\logiexx\\vendor\\laravel\\framework\\src\\Illuminate\\Foundation\\Support\\Providers\\RouteServiceProvider.php(45): Illuminate\\Foundation\\Support\\Providers\\RouteServiceProvider->loadRoutes()
#24 C:\\xampp\\htdocs\\logiexx\\vendor\\laravel\\framework\\src\\Illuminate\\Container\\BoundMethod.php(36): Illuminate\\Foundation\\Support\\Providers\\RouteServiceProvider->Illuminate\\Foundation\\Support\\Providers\\{closure}()
#25 C:\\xampp\\htdocs\\logiexx\\vendor\\laravel\\framework\\src\\Illuminate\\Container\\Util.php(41): Illuminate\\Container\\BoundMethod::Illuminate\\Container\\{closure}()
#26 C:\\xampp\\htdocs\\logiexx\\vendor\\laravel\\framework\\src\\Illuminate\\Container\\BoundMethod.php(81): Illuminate\\Container\\Util::unwrapIfClosure(Object(Closure))
#27 C:\\xampp\\htdocs\\logiexx\\vendor\\laravel\\framework\\src\\Illuminate\\Container\\BoundMethod.php(37): Illuminate\\Container\\BoundMethod::callBoundMethod(Object(Illuminate\\Foundation\\Application), Object(Closure), Object(Closure))
#28 C:\\xampp\\htdocs\\logiexx\\vendor\\laravel\\framework\\src\\Illuminate\\Container\\Container.php(653): Illuminate\\Container\\BoundMethod::call(Object(Illuminate\\Foundation\\Application), Object(Closure), Array, NULL)
#29 C:\\xampp\\htdocs\\logiexx\\vendor\\laravel\\framework\\src\\Illuminate\\Support\\ServiceProvider.php(119): Illuminate\\Container\\Container->call(Object(Closure))
#30 C:\\xampp\\htdocs\\logiexx\\vendor\\laravel\\framework\\src\\Illuminate\\Foundation\\Application.php(931): Illuminate\\Support\\ServiceProvider->callBootedCallbacks()
#31 C:\\xampp\\htdocs\\logiexx\\vendor\\laravel\\framework\\src\\Illuminate\\Foundation\\Application.php(909): Illuminate\\Foundation\\Application->bootProvider(Object(App\\Providers\\RouteServiceProvider))
#32 [internal function]: Illuminate\\Foundation\\Application->Illuminate\\Foundation\\{closure}(Object(App\\Providers\\RouteServiceProvider), 26)
#33 C:\\xampp\\htdocs\\logiexx\\vendor\\laravel\\framework\\src\\Illuminate\\Foundation\\Application.php(910): array_walk(Array, Object(Closure))
#34 C:\\xampp\\htdocs\\logiexx\\vendor\\laravel\\framework\\src\\Illuminate\\Foundation\\Bootstrap\\BootProviders.php(17): Illuminate\\Foundation\\Application->boot()
#35 C:\\xampp\\htdocs\\logiexx\\vendor\\laravel\\framework\\src\\Illuminate\\Foundation\\Application.php(239): Illuminate\\Foundation\\Bootstrap\\BootProviders->bootstrap(Object(Illuminate\\Foundation\\Application))
#36 C:\\xampp\\htdocs\\logiexx\\vendor\\laravel\\framework\\src\\Illuminate\\Foundation\\Http\\Kernel.php(153): Illuminate\\Foundation\\Application->bootstrapWith(Array)
#37 C:\\xampp\\htdocs\\logiexx\\vendor\\laravel\\framework\\src\\Illuminate\\Foundation\\Http\\Kernel.php(137): Illuminate\\Foundation\\Http\\Kernel->bootstrap()
#38 C:\\xampp\\htdocs\\logiexx\\vendor\\laravel\\framework\\src\\Illuminate\\Foundation\\Http\\Kernel.php(111): Illuminate\\Foundation\\Http\\Kernel->sendRequestThroughRouter(Object(Illuminate\\Http\\Request))
#39 C:\\xampp\\htdocs\\logiexx\\public\\index.php(52): Illuminate\\Foundation\\Http\\Kernel->handle(Object(Illuminate\\Http\\Request))
#40 C:\\xampp\\htdocs\\logiexx\\vendor\\laravel\\framework\\src\\Illuminate\\Foundation\esources\\server.php(16): require_once('C:\\\\xampp\\\\htdocs...')
#41 {main}
"} 
